<?xml version="1.0" ?>
<!DOCTYPE coverage SYSTEM "http://cobertura.sourceforge.net/xml/coverage-04.dtd">
<coverage lines-valid="210"  lines-covered="189"  line-rate="0.9"  branches-valid="98"  branches-covered="81"  branch-rate="0.8265"  timestamp="1388092144330" complexity="0" version="0.1">
<sources>
	<source>/Users/leobalter/dev/DexterJS</source>
</sources>
<packages>
	<package name="src"  line-rate="0.9"  branch-rate="0.8265" >
	<classes>
		<class name="Dexter.fakeXHR.js"  filename="src/Dexter.fakeXHR.js"  line-rate="0.8765000000000001"  branch-rate="0.8049" >
		<methods>
			<method name="(anonymous_1)"  hits="1"  signature="()V" >
				<lines><line number="1"  hits="1" /></lines>
			</method>
			<method name="(anonymous_2)"  hits="1"  signature="()V" >
				<lines><line number="10"  hits="1" /></lines>
			</method>
			<method name="(anonymous_3)"  hits="0"  signature="()V" >
				<lines><line number="25"  hits="0" /></lines>
			</method>
			<method name="(anonymous_4)"  hits="17"  signature="()V" >
				<lines><line number="32"  hits="17" /></lines>
			</method>
			<method name="(anonymous_5)"  hits="0"  signature="()V" >
				<lines><line number="105"  hits="0" /></lines>
			</method>
			<method name="verifyState"  hits="13"  signature="()V" >
				<lines><line number="122"  hits="13" /></lines>
			</method>
			<method name="parseXML"  hits="1"  signature="()V" >
				<lines><line number="131"  hits="1" /></lines>
			</method>
			<method name="(anonymous_8)"  hits="2"  signature="()V" >
				<lines><line number="180"  hits="2" /></lines>
			</method>
			<method name="(anonymous_9)"  hits="9"  signature="()V" >
				<lines><line number="204"  hits="9" /></lines>
			</method>
			<method name="(anonymous_10)"  hits="13"  signature="()V" >
				<lines><line number="236"  hits="13" /></lines>
			</method>
			<method name="(anonymous_11)"  hits="6"  signature="()V" >
				<lines><line number="263"  hits="6" /></lines>
			</method>
			<method name="(anonymous_12)"  hits="7"  signature="()V" >
				<lines><line number="293"  hits="7" /></lines>
			</method>
			<method name="(anonymous_13)"  hits="3"  signature="()V" >
				<lines><line number="315"  hits="3" /></lines>
			</method>
			<method name="(anonymous_14)"  hits="5"  signature="()V" >
				<lines><line number="335"  hits="5" /></lines>
			</method>
			<method name="(anonymous_15)"  hits="32"  signature="()V" >
				<lines><line number="358"  hits="32" /></lines>
			</method>
			<method name="(anonymous_16)"  hits="5"  signature="()V" >
				<lines><line number="382"  hits="5" /></lines>
			</method>
			<method name="(anonymous_17)"  hits="4"  signature="()V" >
				<lines><line number="416"  hits="4" /></lines>
			</method>
			<method name="(anonymous_18)"  hits="17"  signature="()V" >
				<lines><line number="453"  hits="17" /></lines>
			</method>
			<method name="(anonymous_19)"  hits="18"  signature="()V" >
				<lines><line number="467"  hits="18" /></lines>
			</method>
			<method name="(anonymous_20)"  hits="18"  signature="()V" >
				<lines><line number="477"  hits="18" /></lines>
			</method>
			<method name="(anonymous_21)"  hits="3"  signature="()V" >
				<lines><line number="495"  hits="3" /></lines>
			</method>
			<method name="(anonymous_22)"  hits="1"  signature="()V" >
				<lines><line number="515"  hits="1" /></lines>
			</method>
			<method name="(anonymous_23)"  hits="16"  signature="()V" >
				<lines><line number="525"  hits="16" /></lines>
			</method>
		</methods>
		<lines>
			<line number="1"  hits="1"  branch="false" />
			<line number="2"  hits="1"  branch="false" />
			<line number="10"  hits="1"  branch="false" />
			<line number="11"  hits="1"  branch="false" />
			<line number="12"  hits="1"  branch="false" />
			<line number="13"  hits="1"  branch="false" />
			<line number="14"  hits="1"  branch="false" />
			<line number="16"  hits="0"  branch="false" />
			<line number="20"  hits="1"  branch="true"  condition-coverage="50% (1/2)" />
			<line number="21"  hits="1"  branch="false" />
			<line number="22"  hits="1"  branch="false" />
			<line number="25"  hits="0"  branch="false" />
			<line number="26"  hits="0"  branch="false" />
			<line number="32"  hits="1"  branch="false" />
			<line number="33"  hits="17"  branch="false" />
			<line number="37"  hits="1"  branch="false" />
			<line number="82"  hits="1"  branch="false" />
			<line number="104"  hits="1"  branch="true"  condition-coverage="50% (1/2)" />
			<line number="105"  hits="0"  branch="false" />
			<line number="106"  hits="0"  branch="true"  condition-coverage="0% (0/2)" />
			<line number="109"  hits="0"  branch="false" />
			<line number="110"  hits="0"  branch="true"  condition-coverage="0% (0/2)" />
			<line number="111"  hits="0"  branch="false" />
			<line number="114"  hits="0"  branch="false" />
			<line number="122"  hits="1"  branch="false" />
			<line number="123"  hits="13"  branch="true"  condition-coverage="100% (4/4)" />
			<line number="124"  hits="4"  branch="false" />
			<line number="131"  hits="1"  branch="false" />
			<line number="132"  hits="1"  branch="false" />
			<line number="135"  hits="1"  branch="true"  condition-coverage="50% (1/2)" />
			<line number="136"  hits="1"  branch="false" />
			<line number="137"  hits="1"  branch="false" />
			<line number="139"  hits="0"  branch="false" />
			<line number="140"  hits="0"  branch="false" />
			<line number="141"  hits="0"  branch="false" />
			<line number="144"  hits="1"  branch="false" />
			<line number="147"  hits="1"  branch="false" />
			<line number="182"  hits="2"  branch="false" />
			<line number="183"  hits="2"  branch="false" />
			<line number="184"  hits="2"  branch="false" />
			<line number="185"  hits="2"  branch="false" />
			<line number="186"  hits="2"  branch="false" />
			<line number="187"  hits="2"  branch="false" />
			<line number="188"  hits="2"  branch="false" />
			<line number="189"  hits="2"  branch="false" />
			<line number="190"  hits="2"  branch="false" />
			<line number="191"  hits="2"  branch="false" />
			<line number="192"  hits="2"  branch="false" />
			<line number="194"  hits="2"  branch="true"  condition-coverage="75% (3/4)" />
			<line number="195"  hits="0"  branch="false" />
			<line number="197"  hits="2"  branch="false" />
			<line number="205"  hits="9"  branch="false" />
			<line number="208"  hits="9"  branch="true"  condition-coverage="100% (2/2)" />
			<line number="209"  hits="3"  branch="false" />
			<line number="213"  hits="6"  branch="true"  condition-coverage="100% (2/2)" />
			<line number="214"  hits="1"  branch="false" />
			<line number="218"  hits="5"  branch="false" />
			<line number="220"  hits="5"  branch="false" />
			<line number="221"  hits="4"  branch="true"  condition-coverage="50% (1/2)" />
			<line number="223"  hits="4"  branch="true"  condition-coverage="100% (2/2)" />
			<line number="225"  hits="2"  branch="false" />
			<line number="231"  hits="3"  branch="false" />
			<line number="238"  hits="13"  branch="true"  condition-coverage="100% (4/4)" />
			<line number="239"  hits="2"  branch="false" />
			<line number="242"  hits="11"  branch="false" />
			<line number="243"  hits="11"  branch="false" />
			<line number="247"  hits="11"  branch="true"  condition-coverage="100% (2/2)" />
			<line number="249"  hits="11"  branch="false" />
			<line number="250"  hits="11"  branch="false" />
			<line number="252"  hits="11"  branch="false" />
			<line number="253"  hits="11"  branch="false" />
			<line number="254"  hits="11"  branch="false" />
			<line number="255"  hits="11"  branch="false" />
			<line number="258"  hits="11"  branch="false" />
			<line number="264"  hits="6"  branch="false" />
			<line number="266"  hits="6"  branch="false" />
			<line number="268"  hits="4"  branch="true"  condition-coverage="50% (1/2)" />
			<line number="269"  hits="0"  branch="true"  condition-coverage="0% (0/2)" />
			<line number="270"  hits="0"  branch="false" />
			<line number="271"  hits="0"  branch="false" />
			<line number="273"  hits="0"  branch="false" />
			<line number="275"  hits="0"  branch="false" />
			<line number="279"  hits="4"  branch="false" />
			<line number="280"  hits="4"  branch="false" />
			<line number="283"  hits="4"  branch="false" />
			<line number="286"  hits="4"  branch="true"  condition-coverage="100% (2/2)" />
			<line number="287"  hits="1"  branch="false" />
			<line number="295"  hits="7"  branch="false" />
			<line number="300"  hits="5"  branch="true"  condition-coverage="100% (4/4)" />
			<line number="301"  hits="3"  branch="false" />
			<line number="304"  hits="2"  branch="true"  condition-coverage="100% (2/2)" />
			<line number="306"  hits="1"  branch="false" />
			<line number="309"  hits="1"  branch="false" />
			<line number="316"  hits="3"  branch="false" />
			<line number="319"  hits="3"  branch="true"  condition-coverage="100% (2/2)" />
			<line number="320"  hits="2"  branch="false" />
			<line number="323"  hits="1"  branch="false" />
			<line number="324"  hits="3"  branch="true"  condition-coverage="75% (3/4)" />
			<line number="325"  hits="3"  branch="false" />
			<line number="329"  hits="1"  branch="false" />
			<line number="336"  hits="5"  branch="false" />
			<line number="338"  hits="5"  branch="false" />
			<line number="340"  hits="5"  branch="false" />
			<line number="341"  hits="5"  branch="true"  condition-coverage="50% (1/2)" />
			<line number="342"  hits="5"  branch="false" />
			<line number="347"  hits="5"  branch="true"  condition-coverage="100% (2/2)" />
			<line number="348"  hits="2"  branch="false" />
			<line number="359"  hits="32"  branch="false" />
			<line number="360"  hits="32"  branch="false" />
			<line number="362"  hits="32"  branch="true"  condition-coverage="100% (2/2)" />
			<line number="363"  hits="18"  branch="false" />
			<line number="365"  hits="18"  branch="false" />
			<line number="366"  hits="18"  branch="false" />
			<line number="370"  hits="0"  branch="false" />
			<line number="376"  hits="18"  branch="false" />
			<line number="383"  hits="5"  branch="true"  condition-coverage="100% (2/2)" />
			<line number="387"  hits="5"  branch="false" />
			<line number="389"  hits="5"  branch="true"  condition-coverage="100% (2/2)" />
			<line number="390"  hits="2"  branch="false" />
			<line number="391"  hits="12"  branch="false" />
			<line number="392"  hits="12"  branch="false" />
			<line number="395"  hits="3"  branch="false" />
			<line number="398"  hits="5"  branch="true"  condition-coverage="100% (2/2)" />
			<line number="400"  hits="5"  branch="true"  condition-coverage="100% (4/4)" />
			<line number="401"  hits="1"  branch="false" />
			<line number="402"  hits="1"  branch="false" />
			<line number="417"  hits="4"  branch="true"  condition-coverage="100% (2/2)" />
			<line number="422"  hits="4"  branch="true"  condition-coverage="100% (2/2)" />
			<line number="423"  hits="1"  branch="false" />
			<line number="426"  hits="3"  branch="false" />
			<line number="427"  hits="3"  branch="true"  condition-coverage="100% (2/2)" />
			<line number="428"  hits="3"  branch="false" />
			<line number="430"  hits="3"  branch="false" />
			<line number="433"  hits="3"  branch="true"  condition-coverage="100% (2/2)" />
			<line number="434"  hits="1"  branch="false" />
			<line number="437"  hits="2"  branch="false" />
			<line number="453"  hits="1"  branch="false" />
			<line number="454"  hits="17"  branch="false" />
			<line number="461"  hits="17"  branch="false" />
			<line number="462"  hits="17"  branch="false" />
			<line number="467"  hits="17"  branch="false" />
			<line number="469"  hits="18"  branch="false" />
			<line number="472"  hits="18"  branch="false" />
			<line number="474"  hits="18"  branch="false" />
			<line number="477"  hits="17"  branch="false" />
			<line number="478"  hits="18"  branch="false" />
			<line number="482"  hits="17"  branch="false" />
			<line number="484"  hits="17"  branch="false" />
			<line number="491"  hits="1"  branch="false" />
			<line number="496"  hits="3"  branch="false" />
			<line number="498"  hits="3"  branch="true"  condition-coverage="50% (1/2)" />
			<line number="499"  hits="3"  branch="true"  condition-coverage="100% (2/2)" />
			<line number="501"  hits="1"  branch="false" />
			<line number="504"  hits="2"  branch="false" />
			<line number="507"  hits="3"  branch="false" />
			<line number="510"  hits="3"  branch="false" />
			<line number="516"  hits="1"  branch="false" />
			<line number="518"  hits="1"  branch="false" />
			<line number="519"  hits="1"  branch="false" />
			<line number="526"  hits="16"  branch="true"  condition-coverage="50% (1/2)" />
			<line number="527"  hits="0"  branch="false" />
			<line number="529"  hits="16"  branch="false" />
		</lines>
		</class>
		<class name="Dexter.js"  filename="src/Dexter.js"  line-rate="0.9792000000000001"  branch-rate="0.9375" >
		<methods>
			<method name="(anonymous_1)"  hits="1"  signature="()V" >
				<lines><line number="9"  hits="1" /></lines>
			</method>
			<method name="(anonymous_2)"  hits="39"  signature="()V" >
				<lines><line number="15"  hits="39" /></lines>
			</method>
			<method name="setDexterObjs"  hits="30"  signature="()V" >
				<lines><line number="20"  hits="30" /></lines>
			</method>
			<method name="(anonymous_4)"  hits="18"  signature="()V" >
				<lines><line number="27"  hits="18" /></lines>
			</method>
			<method name="(anonymous_5)"  hits="15"  signature="()V" >
				<lines><line number="37"  hits="15" /></lines>
			</method>
			<method name="DexterObj"  hits="33"  signature="()V" >
				<lines><line number="44"  hits="33" /></lines>
			</method>
			<method name="(anonymous_7)"  hits="33"  signature="()V" >
				<lines><line number="63"  hits="33" /></lines>
			</method>
			<method name="createDexterObj"  hits="2"  signature="()V" >
				<lines><line number="72"  hits="2" /></lines>
			</method>
			<method name="(anonymous_9)"  hits="33"  signature="()V" >
				<lines><line number="73"  hits="33" /></lines>
			</method>
			<method name="restoreAll"  hits="2"  signature="()V" >
				<lines><line number="81"  hits="2" /></lines>
			</method>
		</methods>
		<lines>
			<line number="8"  hits="1"  branch="false" />
			<line number="9"  hits="1"  branch="false" />
			<line number="10"  hits="1"  branch="false" />
			<line number="15"  hits="1"  branch="false" />
			<line number="16"  hits="39"  branch="false" />
			<line number="17"  hits="39"  branch="false" />
			<line number="20"  hits="1"  branch="false" />
			<line number="21"  hits="30"  branch="false" />
			<line number="22"  hits="30"  branch="false" />
			<line number="23"  hits="30"  branch="false" />
			<line number="26"  hits="1"  branch="false" />
			<line number="29"  hits="18"  branch="false" />
			<line number="31"  hits="18"  branch="true"  condition-coverage="100% (2/2)" />
			<line number="32"  hits="6"  branch="false" />
			<line number="35"  hits="18"  branch="false" />
			<line number="38"  hits="15"  branch="true"  condition-coverage="100% (2/2)" />
			<line number="39"  hits="4"  branch="false" />
			<line number="44"  hits="1"  branch="false" />
			<line number="45"  hits="33"  branch="false" />
			<line number="46"  hits="33"  branch="false" />
			<line number="47"  hits="33"  branch="false" />
			<line number="49"  hits="33"  branch="true"  condition-coverage="100% (2/2)" />
			<line number="50"  hits="2"  branch="false" />
			<line number="53"  hits="31"  branch="true"  condition-coverage="100% (4/4)" />
			<line number="54"  hits="1"  branch="false" />
			<line number="57"  hits="30"  branch="true"  condition-coverage="100% (2/2)" />
			<line number="58"  hits="5"  branch="false" />
			<line number="61"  hits="30"  branch="false" />
			<line number="63"  hits="30"  branch="false" />
			<line number="64"  hits="33"  branch="false" />
			<line number="66"  hits="33"  branch="false" />
			<line number="68"  hits="33"  branch="false" />
			<line number="72"  hits="1"  branch="false" />
			<line number="73"  hits="2"  branch="false" />
			<line number="74"  hits="33"  branch="false" />
			<line number="75"  hits="30"  branch="false" />
			<line number="77"  hits="30"  branch="false" />
			<line number="81"  hits="1"  branch="false" />
			<line number="82"  hits="2"  branch="false" />
			<line number="83"  hits="22"  branch="false" />
			<line number="86"  hits="2"  branch="false" />
			<line number="89"  hits="1"  branch="false" />
			<line number="93"  hits="1"  branch="false" />
			<line number="94"  hits="1"  branch="false" />
			<line number="95"  hits="1"  branch="false" />
			<line number="98"  hits="1"  branch="true"  condition-coverage="75% (3/4)" />
			<line number="99"  hits="1"  branch="false" />
			<line number="102"  hits="0"  branch="false" />
		</lines>
		</class>
	</classes>
	</package>
</packages>
</coverage>
